[debug] [2019-03-24T00:02:45.102Z] ----------------------------------------------------------------------
[debug] [2019-03-24T00:02:45.104Z] Command:       /usr/local/Cellar/node/11.12.0/bin/node /usr/local/bin/firebase deploy
[debug] [2019-03-24T00:02:45.104Z] CLI Version:   6.5.0
[debug] [2019-03-24T00:02:45.104Z] Platform:      darwin
[debug] [2019-03-24T00:02:45.104Z] Node Version:  v11.12.0
[debug] [2019-03-24T00:02:45.105Z] Time:          Sat Mar 23 2019 18:02:45 GMT-0600 (Mountain Daylight Time)
[debug] [2019-03-24T00:02:45.105Z] ----------------------------------------------------------------------
[debug] 
[debug] [2019-03-24T00:02:45.114Z] > command requires scopes: ["email","openid","https://www.googleapis.com/auth/cloudplatformprojects.readonly","https://www.googleapis.com/auth/firebase","https://www.googleapis.com/auth/cloud-platform"]
[debug] [2019-03-24T00:02:45.114Z] > authorizing via signed-in user
[debug] [2019-03-24T00:02:45.114Z] [iam] checking project ocean-mart-form for permissions ["cloudfunctions.functions.create","cloudfunctions.functions.delete","cloudfunctions.functions.get","cloudfunctions.functions.list","cloudfunctions.functions.update","cloudfunctions.operations.get","firebase.projects.get","firebasehosting.sites.update"]
[debug] [2019-03-24T00:02:45.116Z] >>> HTTP REQUEST POST https://cloudresourcemanager.googleapis.com/v1/projects/ocean-mart-form:testIamPermissions  

[debug] [2019-03-24T00:02:45.520Z] <<< HTTP RESPONSE 200
[debug] [2019-03-24T00:02:45.523Z] >>> HTTP REQUEST GET https://firebase.googleapis.com/v1beta1/projects/ocean-mart-form  
 
[debug] [2019-03-24T00:02:45.936Z] <<< HTTP RESPONSE 200
[info] 
[info] === Deploying to 'ocean-mart-form'...
[info] 
[info] i  deploying functions, hosting
[info] Running command: npm --prefix "$RESOURCE_DIR" run lint
